<?xml version="1.0" encoding="UTF-8"?>
<!-- Generated by org.testng.reporters.JUnitXMLReporter -->
<testsuite hostname="ARUNA-PC" name="Edit campaign customize template" tests="1" failures="0" timestamp="25 Mar 2016 06:23:53 GMT" time="0.003" errors="0">
  <testcase name="verify_Customize_Template_In_Edit" time="0.0" classname="Edit_Campaign.Verify_Customize_Template_In_Edit">
    <skipped/>
  </testcase> <!-- verify_Customize_Template_In_Edit -->
</testsuite> <!-- Edit campaign customize template -->
