<?xml version="1.0" encoding="UTF-8"?>
<!-- Generated by org.testng.reporters.JUnitXMLReporter -->
<testsuite hostname="ARUNA-PC" name="Sending email" tests="1" failures="1" timestamp="28 Jan 2016 06:45:14 GMT" time="0.046" errors="0">
  <testcase name="verify_Mulitple_Segment" time="0.036" classname="Send_Email_Reports.Sending_Email">
    <failure type="java.lang.NullPointerException">
      <![CDATA[java.lang.NullPointerException
	at Campaigns.Mutliple_Segments.auto_Email(Mutliple_Segments.java:56)
	at Send_Email_Reports.Sending_Email.verify_Mulitple_Segment(Sending_Email.java:34)
... Removed 24 stack frames]]>
    </failure>
  </testcase> <!-- verify_Mulitple_Segment -->
</testsuite> <!-- Sending email -->
