<?xml version="1.0" encoding="UTF-8"?>
<!-- Generated by org.testng.reporters.JUnitXMLReporter -->
<testsuite hostname="ARUNA-PC" name="Verify mightyhive feed" tests="1" failures="1" timestamp="25 Mar 2016 11:49:33 GMT" time="5.431" errors="0">
  <testcase name="verify_MHFeed" time="5.429" classname="Preview.Verify_MH_Feed">
    <failure type="org.apache.poi.POIXMLException" message="org.apache.poi.openxml4j.exceptions.InvalidFormatException: Package should contain a content type part [M1.13]">
      <![CDATA[org.apache.poi.POIXMLException: org.apache.poi.openxml4j.exceptions.InvalidFormatException: Package should contain a content type part [M1.13]
	at org.apache.poi.util.PackageHelper.open(PackageHelper.java:41)
	at org.apache.poi.xssf.usermodel.XSSFWorkbook.<init>(XSSFWorkbook.java:218)
	at Utilities.List_Excel.excel_reader(List_Excel.java:89)
	at Utilities.List_Excel.matched(List_Excel.java:38)
	at Utilities.MHFeed_Read_CSV.row_Count(MHFeed_Read_CSV.java:20)
	at Campaigns.Preview.verify_MightyHiveFeed(Preview.java:257)
	at Preview.Verify_MH_Feed.verify_MHFeed(Verify_MH_Feed.java:29)
Caused by: org.apache.poi.openxml4j.exceptions.InvalidFormatException: Package should contain a content type part [M1.13]
	at org.apache.poi.openxml4j.opc.ZipPackage.getPartsImpl(ZipPackage.java:199)
	at org.apache.poi.openxml4j.opc.OPCPackage.getParts(OPCPackage.java:665)
	at org.apache.poi.openxml4j.opc.OPCPackage.open(OPCPackage.java:274)
	at org.apache.poi.util.PackageHelper.open(PackageHelper.java:39)
	... 30 more
... Removed 24 stack frames]]>
    </failure>
  </testcase> <!-- verify_MHFeed -->
</testsuite> <!-- Verify mightyhive feed -->
