<?xml version="1.0" encoding="UTF-8"?>
<!-- Generated by org.testng.reporters.JUnitXMLReporter -->
<testsuite hostname="ARUNA-PC" name="Verify mightyhive feed message id with cbf message id" tests="1" failures="1" timestamp="25 Mar 2016 11:49:33 GMT" time="0.074" errors="0">
  <testcase name="verify_MessageID_In_MHF_and_CBF" time="0.072" classname="Preview.Verify_Message_ID">
    <failure type="java.lang.AssertionError" message="expected [&amp;quot;87210002&amp;quot;] but found [87210002]">
      <![CDATA[java.lang.AssertionError: expected ["87210002"] but found [87210002]
	at Campaigns.Preview.verify_MHFeedMessageID_With_CBFeed(Preview.java:280)
	at Preview.Verify_Message_ID.verify_MessageID_In_MHF_and_CBF(Verify_Message_ID.java:29)
... Removed 29 stack frames]]>
    </failure>
  </testcase> <!-- verify_MessageID_In_MHF_and_CBF -->
</testsuite> <!-- Verify mightyhive feed message id with cbf message id -->
