<?xml version="1.0" encoding="UTF-8"?>
<!-- Generated by org.testng.reporters.JUnitXMLReporter -->
<testsuite hostname="ARUNA-PC" name="Default test" tests="1" failures="0" timestamp="22 Feb 2016 10:29:05 GMT" time="1.199" errors="0">
  <testcase name="@BeforeTest isSkip" time="0.0" classname="Manage_Segment.Count_For_Matched_Missed_Multiple">
    <skipped/>
  </testcase> <!-- @BeforeTest isSkip -->
  <testcase name="manage_segment_for_Matched_Multiple_Missed" time="0.0" classname="Manage_Segment.Count_For_Matched_Missed_Multiple">
    <skipped/>
  </testcase> <!-- manage_segment_for_Matched_Multiple_Missed -->
</testsuite> <!-- Default test -->
